FFFF                                                                     [100%]
=========================== short test summary info ===========================
FAILED tests/test_fib_logging.py::test_fib_logging_enabled_via_env - Assertio...
FAILED tests/test_fib_logging.py::test_fib_logging_runtime_toggle - Assertion...
FAILED tests/test_optimizer_runner.py::test_run_optimizer_updates_champion - ...
FAILED tests/test_performance_optimizations.py::TestHTFFibonacciOptimizations::test_htf_fibonacci_compute_basic
4 failed, 23 deselected in 6.58s
